<?xml version="1.0" encoding="UTF-8"?>
<!-- Generated by org.testng.reporters.JUnitXMLReporter -->
<testsuite hostname="LIB-WS0248L" ignored="0" name="Default test" tests="3" failures="0" timestamp="15 jun 2017 16:17:20 GMT" time="60.968" errors="0">
  <testcase name="testLoginTc15" time="0.743" classname="avantica.tests.LoginTests"/>
  <testcase name="testLoginTc16" time="42.046" classname="avantica.tests.LoginTests"/>
  <testcase name="testLoginTc17" time="3.64" classname="avantica.tests.LoginTests"/>
</testsuite> <!-- Default test -->
